#
# There is insufficient memory for the Java Runtime Environment to continue.
# Native memory allocation (mmap) failed to map 140509184 bytes. Error detail: G1 virtual space
# Possible reasons:
#   The system is out of physical RAM or swap space
#   This process is running with CompressedOops enabled, and the Java Heap may be blocking the growth of the native heap
# Possible solutions:
#   Reduce memory load on the system
#   Increase physical memory or swap space
#   Check if swap backing store is full
#   Decrease Java heap size (-Xmx/-Xms)
#   Decrease number of Java threads
#   Decrease Java thread stack sizes (-Xss)
#   Set larger code cache with -XX:ReservedCodeCacheSize=
#   JVM is running with Unscaled Compressed Oops mode in which the Java heap is
#     placed in the first 4GB address space. The Java Heap base address is the
#     maximum limit for the native heap growth. Please use -XX:HeapBaseMinAddress
#     to set the Java Heap base and to place the Java Heap above 4GB virtual address.
# This output file may be truncated or incomplete.
#
#  Out of Memory Error (os_windows.cpp:3631), pid=24636, tid=10364
#
# JRE version: Java(TM) SE Runtime Environment (22.0.2+9) (build 22.0.2+9-70)
# Java VM: Java HotSpot(TM) 64-Bit Server VM (22.0.2+9-70, mixed mode, sharing, tiered, compressed oops, compressed class ptrs, g1 gc, windows-amd64)
# No core dump will be written. Minidumps are not enabled by default on client versions of Windows
#

---------------  S U M M A R Y ------------

Command Line: -Dfile.encoding=UTF-8 --add-modules=ALL-DEFAULT jdk.compiler/com.sun.tools.javac.launcher.SourceLauncher C:\Users\alarc\Downloads\flight-planner\flight-planner\src\main\app\Main.java

Host: 12th Gen Intel(R) Core(TM) i5-1235U, 12 cores, 7G,  Windows 11 , 64 bit Build 26100 (10.0.26100.7019)
Time: Sun Nov 23 14:13:39 2025 Central Standard Time elapsed time: 5.523563 seconds (0d 0h 0m 5s)

---------------  T H R E A D  ---------------

Current thread (0x000002359de76fd0):  VMThread "VM Thread"          [id=10364, stack(0x0000007de6400000,0x0000007de6500000) (1024K)]

Stack: [0x0000007de6400000,0x0000007de6500000]
Native frames: (J=compiled Java code, j=interpreted, Vv=VM code, C=native code)
V  [jvm.dll+0x6e26e9]  (no source info available)
V  [jvm.dll+0x875753]  (no source info available)
V  [jvm.dll+0x877b7e]  (no source info available)
V  [jvm.dll+0x878253]  (no source info available)
V  [jvm.dll+0x27fc86]  (no source info available)
V  [jvm.dll+0x6ded85]  (no source info available)
V  [jvm.dll+0x6d388a]  (no source info available)
V  [jvm.dll+0x358b8a]  (no source info available)
V  [jvm.dll+0x3610b6]  (no source info available)
V  [jvm.dll+0x3b419e]  (no source info available)
V  [jvm.dll+0x3b4448]  (no source info available)
V  [jvm.dll+0x32c5ec]  (no source info available)
V  [jvm.dll+0x32c677]  (no source info available)
V  [jvm.dll+0x37244c]  (no source info available)
V  [jvm.dll+0x370b46]  (no source info available)
V  [jvm.dll+0x32bcd7]  (no source info available)
V  [jvm.dll+0x370304]  (no source info available)
V  [jvm.dll+0x87e0f0]  (no source info available)
V  [jvm.dll+0x87f477]  (no source info available)
V  [jvm.dll+0x87f9f0]  (no source info available)
V  [jvm.dll+0x87fc93]  (no source info available)
V  [jvm.dll+0x81dc0b]  (no source info available)
V  [jvm.dll+0x6e0d85]  (no source info available)
C  [ucrtbase.dll+0x37b0]  (no source info available)
C  [KERNEL32.DLL+0x2e8d7]  (no source info available)
C  [ntdll.dll+0x8c53c]  (no source info available)

VM_Operation (0x0000007de5dfebe0): G1CollectForAllocation, mode: safepoint, requested by thread 0x00000235fed83c50


---------------  P R O C E S S  ---------------

Threads class SMR info:
_java_thread_list=0x00000235e40a2bd0, length=13, elements={
0x00000235fed83c50, 0x000002359de926e0, 0x000002359de93340, 0x000002359de994a0,
0x000002359dea3be0, 0x000002359dea61c0, 0x000002359dea7790, 0x000002359dea9090,
0x000002359deaa6b0, 0x00000235e30be470, 0x00000235e3259da0, 0x00000235e3499580,
0x00000235e45bf020
}

Java Threads: ( => current thread )
  0x00000235fed83c50 JavaThread "main"                              [_thread_blocked, id=10000, stack(0x0000007de5d00000,0x0000007de5e00000) (1024K)]
  0x000002359de926e0 JavaThread "Reference Handler"          daemon [_thread_blocked, id=14688, stack(0x0000007de6500000,0x0000007de6600000) (1024K)]
  0x000002359de93340 JavaThread "Finalizer"                  daemon [_thread_blocked, id=8580, stack(0x0000007de6600000,0x0000007de6700000) (1024K)]
  0x000002359de994a0 JavaThread "Signal Dispatcher"          daemon [_thread_blocked, id=19148, stack(0x0000007de6700000,0x0000007de6800000) (1024K)]
  0x000002359dea3be0 JavaThread "Attach Listener"            daemon [_thread_blocked, id=13212, stack(0x0000007de6800000,0x0000007de6900000) (1024K)]
  0x000002359dea61c0 JavaThread "Service Thread"             daemon [_thread_blocked, id=19972, stack(0x0000007de6900000,0x0000007de6a00000) (1024K)]
  0x000002359dea7790 JavaThread "Monitor Deflation Thread"   daemon [_thread_blocked, id=20968, stack(0x0000007de6a00000,0x0000007de6b00000) (1024K)]
  0x000002359dea9090 JavaThread "C2 CompilerThread0"         daemon [_thread_blocked, id=22784, stack(0x0000007de6b00000,0x0000007de6c00000) (1024K)]
  0x000002359deaa6b0 JavaThread "C1 CompilerThread0"         daemon [_thread_blocked, id=24892, stack(0x0000007de6c00000,0x0000007de6d00000) (1024K)]
  0x00000235e30be470 JavaThread "Common-Cleaner"             daemon [_thread_blocked, id=10912, stack(0x0000007de6d00000,0x0000007de6e00000) (1024K)]
  0x00000235e3259da0 JavaThread "Notification Thread"        daemon [_thread_blocked, id=16180, stack(0x0000007de6f00000,0x0000007de7000000) (1024K)]
  0x00000235e3499580 JavaThread "C2 CompilerThread1"         daemon [_thread_blocked, id=19672, stack(0x0000007de6e00000,0x0000007de6f00000) (1024K)]
  0x00000235e45bf020 JavaThread "C2 CompilerThread2"         daemon [_thread_blocked, id=11556, stack(0x0000007de7000000,0x0000007de7100000) (1024K)]
Total: 13

Other Threads:
=>0x000002359de76fd0 VMThread "VM Thread"                           [id=10364, stack(0x0000007de6400000,0x0000007de6500000) (1024K)]
  0x000002359de5c9e0 WatcherThread "VM Periodic Task Thread"        [id=29668, stack(0x0000007de6300000,0x0000007de6400000) (1024K)]
  0x00000235ffdc16e0 WorkerThread "GC Thread#0"                     [id=31228, stack(0x0000007de5e00000,0x0000007de5f00000) (1024K)]
  0x00000235e3be5630 WorkerThread "GC Thread#1"                     [id=26216, stack(0x0000007de7100000,0x0000007de7200000) (1024K)]
  0x00000235e381b430 WorkerThread "GC Thread#2"                     [id=21544, stack(0x0000007de7200000,0x0000007de7300000) (1024K)]
  0x00000235e3b3e390 WorkerThread "GC Thread#3"                     [id=30896, stack(0x0000007de7300000,0x0000007de7400000) (1024K)]
  0x00000235e3b3e740 WorkerThread "GC Thread#4"                     [id=29408, stack(0x0000007de7400000,0x0000007de7500000) (1024K)]
  0x00000235e3b3ef00 WorkerThread "GC Thread#5"                     [id=31344, stack(0x0000007de7500000,0x0000007de7600000) (1024K)]
  0x00000235e3b3fac0 WorkerThread "GC Thread#6"                     [id=20540, stack(0x0000007de7600000,0x0000007de7700000) (1024K)]
  0x00000235e3d1cbc0 WorkerThread "GC Thread#7"                     [id=23368, stack(0x0000007de7700000,0x0000007de7800000) (1024K)]
  0x00000235ffdd20a0 ConcurrentGCThread "G1 Main Marker"            [id=21360, stack(0x0000007de5f00000,0x0000007de6000000) (1024K)]
  0x00000235ffdd39e0 WorkerThread "G1 Conc#0"                       [id=29592, stack(0x0000007de6000000,0x0000007de6100000) (1024K)]
  0x000002359dd2d950 ConcurrentGCThread "G1 Refine#0"               [id=11420, stack(0x0000007de6100000,0x0000007de6200000) (1024K)]
  0x000002359dd2e2e0 ConcurrentGCThread "G1 Service"                [id=33052, stack(0x0000007de6200000,0x0000007de6300000) (1024K)]
Total: 14

Threads with active compile tasks:
Total: 0

VM state: at safepoint (normal execution)

VM Mutex/Monitor currently owned by a thread:  ([mutex/lock_event])
[0x00007ffbc9a1cb80] Threads_lock - owner thread: 0x000002359de76fd0
[0x00007ffbc9a1cc80] Heap_lock - owner thread: 0x00000235fed83c50

Heap address: 0x0000000082a00000, size: 2006 MB, Compressed Oops mode: 32-bit

CDS archive(s) mapped at: [0x000002359e000000-0x000002359ec60000-0x000002359ec60000), size 12976128, SharedBaseAddress: 0x000002359e000000, ArchiveRelocationMode: 1.
Compressed class space mapped at: 0x000002359f000000-0x00000235df000000, reserved size: 1073741824
Narrow klass base: 0x000002359e000000, Narrow klass shift: 0, Narrow klass range: 0x41000000

GC Precious Log:
 CardTable entry size: 512
 Card Set container configuration: InlinePtr #cards 5 size 8 Array Of Cards #cards 12 size 40 Howl #buckets 4 coarsen threshold 1843 Howl Bitmap #cards 512 size 80 coarsen threshold 460 Card regions per heap region 1 cards per card region 2048
 CPUs: 12 total, 12 available
 Memory: 8016M
 Large Page Support: Disabled
 NUMA Support: Disabled
 Compressed Oops: Enabled (32-bit)
 Heap Region Size: 1M
 Heap Min Capacity: 8M
 Heap Initial Capacity: 126M
 Heap Max Capacity: 2006M
 Pre-touch: Disabled
 Parallel Workers: 10
 Concurrent Workers: 3
 Concurrent Refinement Workers: 10
 Periodic GC: Disabled

Heap:
 garbage-first heap   total reserved 2054144K, committed 137216K, used 85504K [0x0000000082a00000, 0x0000000100000000)
  region size 1024K, 6 young (6144K), 6 survivors (6144K)
 Metaspace       used 11624K, committed 11968K, reserved 1114112K
  class space    used 1308K, committed 1472K, reserved 1048576K

Heap Regions: E=young(eden), S=young(survivor), O=old, HS=humongous(starts), HC=humongous(continues), CS=collection set, F=free, TAMS=top-at-mark-start, PB=parsable bottom
|   0|0x0000000082a00000, 0x0000000082b00000, 0x0000000082b00000|100%| O|  |TAMS 0x0000000082a00000| PB 0x0000000082a00000| Untracked |  0
|   1|0x0000000082b00000, 0x0000000082c00000, 0x0000000082c00000|100%| O|  |TAMS 0x0000000082b00000| PB 0x0000000082b00000| Untracked |  0
|   2|0x0000000082c00000, 0x0000000082d00000, 0x0000000082d00000|100%| O|  |TAMS 0x0000000082c00000| PB 0x0000000082c00000| Untracked |  0
|   3|0x0000000082d00000, 0x0000000082e00000, 0x0000000082e00000|100%| O|  |TAMS 0x0000000082d00000| PB 0x0000000082d00000| Untracked |  0
|   4|0x0000000082e00000, 0x0000000082f00000, 0x0000000082f00000|100%| O|  |TAMS 0x0000000082e00000| PB 0x0000000082e00000| Untracked |  0
|   5|0x0000000082f00000, 0x0000000083000000, 0x0000000083000000|100%|HS|  |TAMS 0x0000000082f00000| PB 0x0000000082f00000| Complete |  0
|   6|0x0000000083000000, 0x0000000083100000, 0x0000000083100000|100%|HS|  |TAMS 0x0000000083000000| PB 0x0000000083000000| Complete |  0
|   7|0x0000000083100000, 0x0000000083200000, 0x0000000083200000|100%| O|  |TAMS 0x0000000083100000| PB 0x0000000083100000| Untracked |  0
|   8|0x0000000083200000, 0x0000000083300000, 0x0000000083300000|100%| O|  |TAMS 0x0000000083200000| PB 0x0000000083200000| Untracked |  0
|   9|0x0000000083300000, 0x0000000083400000, 0x0000000083400000|100%| O|  |TAMS 0x0000000083300000| PB 0x0000000083300000| Untracked |  0
|  10|0x0000000083400000, 0x0000000083500000, 0x0000000083500000|100%| O|  |TAMS 0x0000000083400000| PB 0x0000000083400000| Untracked |  0
|  11|0x0000000083500000, 0x0000000083600000, 0x0000000083600000|100%| O|  |TAMS 0x0000000083500000| PB 0x0000000083500000| Untracked |  0
|  12|0x0000000083600000, 0x0000000083700000, 0x0000000083700000|100%| O|  |TAMS 0x0000000083600000| PB 0x0000000083600000| Untracked |  0
|  13|0x0000000083700000, 0x0000000083800000, 0x0000000083800000|100%| O|  |TAMS 0x0000000083700000| PB 0x0000000083700000| Untracked |  0
|  14|0x0000000083800000, 0x0000000083900000, 0x0000000083900000|100%| O|  |TAMS 0x0000000083800000| PB 0x0000000083800000| Untracked |  0
|  15|0x0000000083900000, 0x0000000083a00000, 0x0000000083a00000|100%| O|  |TAMS 0x0000000083900000| PB 0x0000000083900000| Untracked |  0
|  16|0x0000000083a00000, 0x0000000083b00000, 0x0000000083b00000|100%| O|  |TAMS 0x0000000083a00000| PB 0x0000000083a00000| Untracked |  0
|  17|0x0000000083b00000, 0x0000000083c00000, 0x0000000083c00000|100%| O|  |TAMS 0x0000000083b00000| PB 0x0000000083b00000| Untracked |  0
|  18|0x0000000083c00000, 0x0000000083d00000, 0x0000000083d00000|100%| O|  |TAMS 0x0000000083c00000| PB 0x0000000083c00000| Untracked |  0
|  19|0x0000000083d00000, 0x0000000083e00000, 0x0000000083e00000|100%| O|  |TAMS 0x0000000083d00000| PB 0x0000000083d00000| Untracked |  0
|  20|0x0000000083e00000, 0x0000000083f00000, 0x0000000083f00000|100%| O|  |TAMS 0x0000000083e00000| PB 0x0000000083e00000| Untracked |  0
|  21|0x0000000083f00000, 0x0000000084000000, 0x0000000084000000|100%| O|  |TAMS 0x0000000083f00000| PB 0x0000000083f00000| Untracked |  0
|  22|0x0000000084000000, 0x0000000084100000, 0x0000000084100000|100%| O|  |TAMS 0x0000000084000000| PB 0x0000000084000000| Untracked |  0
|  23|0x0000000084100000, 0x0000000084200000, 0x0000000084200000|100%| O|  |TAMS 0x0000000084100000| PB 0x0000000084100000| Untracked |  0
|  24|0x0000000084200000, 0x0000000084300000, 0x0000000084300000|100%| O|  |TAMS 0x0000000084200000| PB 0x0000000084200000| Untracked |  0
|  25|0x0000000084300000, 0x0000000084400000, 0x0000000084400000|100%| O|  |TAMS 0x0000000084300000| PB 0x0000000084300000| Untracked |  0
|  26|0x0000000084400000, 0x0000000084500000, 0x0000000084500000|100%|HS|  |TAMS 0x0000000084400000| PB 0x0000000084400000| Complete |  0
|  27|0x0000000084500000, 0x0000000084600000, 0x0000000084600000|100%|HC|  |TAMS 0x0000000084500000| PB 0x0000000084500000| Complete |  0
|  28|0x0000000084600000, 0x0000000084700000, 0x0000000084700000|100%|HS|  |TAMS 0x0000000084600000| PB 0x0000000084600000| Complete |  0
|  29|0x0000000084700000, 0x0000000084800000, 0x0000000084800000|100%|HC|  |TAMS 0x0000000084700000| PB 0x0000000084700000| Complete |  0
|  30|0x0000000084800000, 0x0000000084900000, 0x0000000084900000|100%|HC|  |TAMS 0x0000000084800000| PB 0x0000000084800000| Complete |  0
|  31|0x0000000084900000, 0x0000000084a00000, 0x0000000084a00000|100%| O|  |TAMS 0x0000000084900000| PB 0x0000000084900000| Untracked |  0
|  32|0x0000000084a00000, 0x0000000084b00000, 0x0000000084b00000|100%| O|  |TAMS 0x0000000084a00000| PB 0x0000000084a00000| Untracked |  0
|  33|0x0000000084b00000, 0x0000000084c00000, 0x0000000084c00000|100%| O|  |TAMS 0x0000000084b00000| PB 0x0000000084b00000| Untracked |  0
|  34|0x0000000084c00000, 0x0000000084d00000, 0x0000000084d00000|100%| O|  |TAMS 0x0000000084c00000| PB 0x0000000084c00000| Untracked |  0
|  35|0x0000000084d00000, 0x0000000084e00000, 0x0000000084e00000|100%| O|  |TAMS 0x0000000084d00000| PB 0x0000000084d00000| Untracked |  0
|  36|0x0000000084e00000, 0x0000000084f00000, 0x0000000084f00000|100%| O|  |TAMS 0x0000000084e00000| PB 0x0000000084e00000| Untracked |  0
|  37|0x0000000084f00000, 0x0000000085000000, 0x0000000085000000|100%| O|  |TAMS 0x0000000084f00000| PB 0x0000000084f00000| Untracked |  0
|  38|0x0000000085000000, 0x0000000085100000, 0x0000000085100000|100%| O|  |TAMS 0x0000000085000000| PB 0x0000000085000000| Untracked |  0
|  39|0x0000000085100000, 0x0000000085200000, 0x0000000085200000|100%| O|  |TAMS 0x0000000085100000| PB 0x0000000085100000| Untracked |  0
|  40|0x0000000085200000, 0x0000000085300000, 0x0000000085300000|100%| O|  |TAMS 0x0000000085200000| PB 0x0000000085200000| Untracked |  0
|  41|0x0000000085300000, 0x0000000085400000, 0x0000000085400000|100%| O|  |TAMS 0x0000000085300000| PB 0x0000000085300000| Untracked |  0
|  42|0x0000000085400000, 0x0000000085500000, 0x0000000085500000|100%| O|  |TAMS 0x0000000085400000| PB 0x0000000085400000| Untracked |  0
|  43|0x0000000085500000, 0x0000000085600000, 0x0000000085600000|100%| O|  |TAMS 0x0000000085500000| PB 0x0000000085500000| Untracked |  0
|  44|0x0000000085600000, 0x0000000085700000, 0x0000000085700000|100%| O|  |TAMS 0x0000000085600000| PB 0x0000000085600000| Untracked |  0
|  45|0x0000000085700000, 0x0000000085800000, 0x0000000085800000|100%| O|  |TAMS 0x0000000085700000| PB 0x0000000085700000| Untracked |  0
|  46|0x0000000085800000, 0x0000000085900000, 0x0000000085900000|100%| O|  |TAMS 0x0000000085800000| PB 0x0000000085800000| Untracked |  0
|  47|0x0000000085900000, 0x0000000085a00000, 0x0000000085a00000|100%| O|  |TAMS 0x0000000085900000| PB 0x0000000085900000| Untracked |  0
|  48|0x0000000085a00000, 0x0000000085b00000, 0x0000000085b00000|100%| O|  |TAMS 0x0000000085a00000| PB 0x0000000085a00000| Untracked |  0
|  49|0x0000000085b00000, 0x0000000085c00000, 0x0000000085c00000|100%| O|  |TAMS 0x0000000085b00000| PB 0x0000000085b00000| Untracked |  0
|  50|0x0000000085c00000, 0x0000000085d00000, 0x0000000085d00000|100%| O|  |TAMS 0x0000000085c00000| PB 0x0000000085c00000| Untracked |  0
|  51|0x0000000085d00000, 0x0000000085e00000, 0x0000000085e00000|100%| O|  |TAMS 0x0000000085d00000| PB 0x0000000085d00000| Untracked |  0
|  52|0x0000000085e00000, 0x0000000085f00000, 0x0000000085f00000|100%| O|  |TAMS 0x0000000085e00000| PB 0x0000000085e00000| Untracked |  0
|  53|0x0000000085f00000, 0x0000000086000000, 0x0000000086000000|100%| O|  |TAMS 0x0000000085f00000| PB 0x0000000085f00000| Untracked |  0
|  54|0x0000000086000000, 0x0000000086100000, 0x0000000086100000|100%| O|  |TAMS 0x0000000086000000| PB 0x0000000086000000| Untracked |  0
|  55|0x0000000086100000, 0x0000000086200000, 0x0000000086200000|100%| O|  |TAMS 0x0000000086100000| PB 0x0000000086100000| Untracked |  0
|  56|0x0000000086200000, 0x0000000086300000, 0x0000000086300000|100%| O|  |TAMS 0x0000000086200000| PB 0x0000000086200000| Untracked |  0
|  57|0x0000000086300000, 0x0000000086400000, 0x0000000086400000|100%| O|  |TAMS 0x0000000086300000| PB 0x0000000086300000| Untracked |  0
|  58|0x0000000086400000, 0x0000000086500000, 0x0000000086500000|100%| O|  |TAMS 0x0000000086400000| PB 0x0000000086400000| Untracked |  0
|  59|0x0000000086500000, 0x0000000086600000, 0x0000000086600000|100%| O|  |TAMS 0x0000000086500000| PB 0x0000000086500000| Untracked |  0
|  60|0x0000000086600000, 0x0000000086600000, 0x0000000086700000|  0%| F|  |TAMS 0x0000000086600000| PB 0x0000000086600000| Untracked |  0
|  61|0x0000000086700000, 0x0000000086700000, 0x0000000086800000|  0%| F|  |TAMS 0x0000000086700000| PB 0x0000000086700000| Untracked |  0
|  62|0x0000000086800000, 0x0000000086800000, 0x0000000086900000|  0%| F|  |TAMS 0x0000000086800000| PB 0x0000000086800000| Untracked |  0
|  63|0x0000000086900000, 0x0000000086900000, 0x0000000086a00000|  0%| F|  |TAMS 0x0000000086900000| PB 0x0000000086900000| Untracked |  0
|  64|0x0000000086a00000, 0x0000000086a00000, 0x0000000086b00000|  0%| F|  |TAMS 0x0000000086a00000| PB 0x0000000086a00000| Untracked |  0
|  65|0x0000000086b00000, 0x0000000086b00000, 0x0000000086c00000|  0%| F|  |TAMS 0x0000000086b00000| PB 0x0000000086b00000| Untracked |  0
|  66|0x0000000086c00000, 0x0000000086c00000, 0x0000000086d00000|  0%| F|  |TAMS 0x0000000086c00000| PB 0x0000000086c00000| Untracked |  0
|  67|0x0000000086d00000, 0x0000000086d00000, 0x0000000086e00000|  0%| F|  |TAMS 0x0000000086d00000| PB 0x0000000086d00000| Untracked |  0
|  68|0x0000000086e00000, 0x0000000086e00000, 0x0000000086f00000|  0%| F|  |TAMS 0x0000000086e00000| PB 0x0000000086e00000| Untracked |  0
|  69|0x0000000086f00000, 0x0000000087000000, 0x0000000087000000|100%| O|  |TAMS 0x0000000086f00000| PB 0x0000000086f00000| Untracked |  0
|  70|0x0000000087000000, 0x0000000087100000, 0x0000000087100000|100%| O|  |TAMS 0x0000000087000000| PB 0x0000000087000000| Untracked |  0
|  71|0x0000000087100000, 0x0000000087200000, 0x0000000087200000|100%| O|  |TAMS 0x0000000087100000| PB 0x0000000087100000| Untracked |  0
|  72|0x0000000087200000, 0x0000000087300000, 0x0000000087300000|100%| O|  |TAMS 0x0000000087200000| PB 0x0000000087200000| Untracked |  0
|  73|0x0000000087300000, 0x0000000087400000, 0x0000000087400000|100%| O|  |TAMS 0x0000000087300000| PB 0x0000000087300000| Untracked |  0
|  74|0x0000000087400000, 0x0000000087500000, 0x0000000087500000|100%| O|  |TAMS 0x0000000087400000| PB 0x0000000087400000| Untracked |  0
|  75|0x0000000087500000, 0x0000000087600000, 0x0000000087600000|100%| O|  |TAMS 0x0000000087500000| PB 0x0000000087500000| Untracked |  0
|  76|0x0000000087600000, 0x0000000087700000, 0x0000000087700000|100%| O|  |TAMS 0x0000000087600000| PB 0x0000000087600000| Untracked |  0
|  77|0x0000000087700000, 0x0000000087800000, 0x0000000087800000|100%| O|  |TAMS 0x0000000087700000| PB 0x0000000087700000| Untracked |  0
|  78|0x0000000087800000, 0x0000000087880000, 0x0000000087900000| 50%| O|  |TAMS 0x0000000087800000| PB 0x0000000087800000| Untracked |  0
|  79|0x0000000087900000, 0x0000000087900000, 0x0000000087a00000|  0%| F|  |TAMS 0x0000000087900000| PB 0x0000000087900000| Untracked |  0
|  80|0x0000000087a00000, 0x0000000087a00000, 0x0000000087b00000|  0%| F|  |TAMS 0x0000000087a00000| PB 0x0000000087a00000| Untracked |  0
|  81|0x0000000087b00000, 0x0000000087b00000, 0x0000000087c00000|  0%| F|  |TAMS 0x0000000087b00000| PB 0x0000000087b00000| Untracked |  0
|  82|0x0000000087c00000, 0x0000000087c00000, 0x0000000087d00000|  0%| F|  |TAMS 0x0000000087c00000| PB 0x0000000087c00000| Untracked |  0
|  83|0x0000000087d00000, 0x0000000087e00000, 0x0000000087e00000|100%| S|CS|TAMS 0x0000000087d00000| PB 0x0000000087d00000| Complete |  0
|  84|0x0000000087e00000, 0x0000000087f00000, 0x0000000087f00000|100%| S|CS|TAMS 0x0000000087e00000| PB 0x0000000087e00000| Complete |  0
|  85|0x0000000087f00000, 0x0000000088000000, 0x0000000088000000|100%| S|CS|TAMS 0x0000000087f00000| PB 0x0000000087f00000| Complete |  0
|  86|0x0000000088000000, 0x0000000088100000, 0x0000000088100000|100%| S|CS|TAMS 0x0000000088000000| PB 0x0000000088000000| Complete |  0
|  87|0x0000000088100000, 0x0000000088200000, 0x0000000088200000|100%| S|CS|TAMS 0x0000000088100000| PB 0x0000000088100000| Complete |  0
|  88|0x0000000088200000, 0x0000000088300000, 0x0000000088300000|100%| S|CS|TAMS 0x0000000088200000| PB 0x0000000088200000| Complete |  0
|  89|0x0000000088300000, 0x0000000088300000, 0x0000000088400000|  0%| F|  |TAMS 0x0000000088300000| PB 0x0000000088300000| Untracked |  0
|  90|0x0000000088400000, 0x0000000088400000, 0x0000000088500000|  0%| F|  |TAMS 0x0000000088400000| PB 0x0000000088400000| Untracked |  0
|  91|0x0000000088500000, 0x0000000088500000, 0x0000000088600000|  0%| F|  |TAMS 0x0000000088500000| PB 0x0000000088500000| Untracked |  0
|  92|0x0000000088600000, 0x0000000088600000, 0x0000000088700000|  0%| F|  |TAMS 0x0000000088600000| PB 0x0000000088600000| Untracked |  0
|  93|0x0000000088700000, 0x0000000088700000, 0x0000000088800000|  0%| F|  |TAMS 0x0000000088700000| PB 0x0000000088700000| Untracked |  0
|  94|0x0000000088800000, 0x0000000088800000, 0x0000000088900000|  0%| F|  |TAMS 0x0000000088800000| PB 0x0000000088800000| Untracked |  0
|  95|0x0000000088900000, 0x0000000088900000, 0x0000000088a00000|  0%| F|  |TAMS 0x0000000088900000| PB 0x0000000088900000| Untracked |  0
|  96|0x0000000088a00000, 0x0000000088a00000, 0x0000000088b00000|  0%| F|  |TAMS 0x0000000088a00000| PB 0x0000000088a00000| Untracked |  0
|  97|0x0000000088b00000, 0x0000000088b00000, 0x0000000088c00000|  0%| F|  |TAMS 0x0000000088b00000| PB 0x0000000088b00000| Untracked |  0
|  98|0x0000000088c00000, 0x0000000088c00000, 0x0000000088d00000|  0%| F|  |TAMS 0x0000000088c00000| PB 0x0000000088c00000| Untracked |  0
|  99|0x0000000088d00000, 0x0000000088d00000, 0x0000000088e00000|  0%| F|  |TAMS 0x0000000088d00000| PB 0x0000000088d00000| Untracked |  0
| 100|0x0000000088e00000, 0x0000000088e00000, 0x0000000088f00000|  0%| F|  |TAMS 0x0000000088e00000| PB 0x0000000088e00000| Untracked |  0
| 101|0x0000000088f00000, 0x0000000088f00000, 0x0000000089000000|  0%| F|  |TAMS 0x0000000088f00000| PB 0x0000000088f00000| Untracked |  0
| 102|0x0000000089000000, 0x0000000089000000, 0x0000000089100000|  0%| F|  |TAMS 0x0000000089000000| PB 0x0000000089000000| Untracked |  0
| 103|0x0000000089100000, 0x0000000089100000, 0x0000000089200000|  0%| F|  |TAMS 0x0000000089100000| PB 0x0000000089100000| Untracked |  0
| 104|0x0000000089200000, 0x0000000089200000, 0x0000000089300000|  0%| F|  |TAMS 0x0000000089200000| PB 0x0000000089200000| Untracked |  0
| 105|0x0000000089300000, 0x0000000089300000, 0x0000000089400000|  0%| F|  |TAMS 0x0000000089300000| PB 0x0000000089300000| Untracked |  0
| 106|0x0000000089400000, 0x0000000089400000, 0x0000000089500000|  0%| F|  |TAMS 0x0000000089400000| PB 0x0000000089400000| Untracked |  0
| 107|0x0000000089500000, 0x0000000089500000, 0x0000000089600000|  0%| F|  |TAMS 0x0000000089500000| PB 0x0000000089500000| Untracked |  0
| 108|0x0000000089600000, 0x0000000089600000, 0x0000000089700000|  0%| F|  |TAMS 0x0000000089600000| PB 0x0000000089600000| Untracked |  0
| 109|0x0000000089700000, 0x0000000089700000, 0x0000000089800000|  0%| F|  |TAMS 0x0000000089700000| PB 0x0000000089700000| Untracked |  0
| 110|0x0000000089800000, 0x0000000089800000, 0x0000000089900000|  0%| F|  |TAMS 0x0000000089800000| PB 0x0000000089800000| Untracked |  0
| 111|0x0000000089900000, 0x0000000089900000, 0x0000000089a00000|  0%| F|  |TAMS 0x0000000089900000| PB 0x0000000089900000| Untracked |  0
| 112|0x0000000089a00000, 0x0000000089a00000, 0x0000000089b00000|  0%| F|  |TAMS 0x0000000089a00000| PB 0x0000000089a00000| Untracked |  0
| 113|0x0000000089b00000, 0x0000000089b00000, 0x0000000089c00000|  0%| F|  |TAMS 0x0000000089b00000| PB 0x0000000089b00000| Untracked |  0
| 114|0x0000000089c00000, 0x0000000089c00000, 0x0000000089d00000|  0%| F|  |TAMS 0x0000000089c00000| PB 0x0000000089c00000| Untracked |  0
| 115|0x0000000089d00000, 0x0000000089d00000, 0x0000000089e00000|  0%| F|  |TAMS 0x0000000089d00000| PB 0x0000000089d00000| Untracked |  0
| 116|0x0000000089e00000, 0x0000000089e00000, 0x0000000089f00000|  0%| F|  |TAMS 0x0000000089e00000| PB 0x0000000089e00000| Untracked |  0
| 117|0x0000000089f00000, 0x0000000089f00000, 0x000000008a000000|  0%| F|  |TAMS 0x0000000089f00000| PB 0x0000000089f00000| Untracked |  0
| 118|0x000000008a000000, 0x000000008a000000, 0x000000008a100000|  0%| F|  |TAMS 0x000000008a000000| PB 0x000000008a000000| Untracked |  0
| 119|0x000000008a100000, 0x000000008a100000, 0x000000008a200000|  0%| F|  |TAMS 0x000000008a100000| PB 0x000000008a100000| Untracked |  0
| 120|0x000000008a200000, 0x000000008a200000, 0x000000008a300000|  0%| F|  |TAMS 0x000000008a200000| PB 0x000000008a200000| Untracked |  0
| 121|0x000000008a300000, 0x000000008a300000, 0x000000008a400000|  0%| F|  |TAMS 0x000000008a300000| PB 0x000000008a300000| Untracked |  0
| 122|0x000000008a400000, 0x000000008a400000, 0x000000008a500000|  0%| F|  |TAMS 0x000000008a400000| PB 0x000000008a400000| Untracked |  0
| 123|0x000000008a500000, 0x000000008a500000, 0x000000008a600000|  0%| F|  |TAMS 0x000000008a500000| PB 0x000000008a500000| Untracked |  0
| 124|0x000000008a600000, 0x000000008a600000, 0x000000008a700000|  0%| F|  |TAMS 0x000000008a600000| PB 0x000000008a600000| Untracked |  0
| 125|0x000000008a700000, 0x000000008a700000, 0x000000008a800000|  0%| F|  |TAMS 0x000000008a700000| PB 0x000000008a700000| Untracked |  0
|1998|0x00000000ff800000, 0x00000000ff900000, 0x00000000ff900000|100%| O|  |TAMS 0x00000000ff800000| PB 0x00000000ff800000| Untracked |  0
|1999|0x00000000ff900000, 0x00000000ffa00000, 0x00000000ffa00000|100%| O|  |TAMS 0x00000000ff900000| PB 0x00000000ff900000| Untracked |  0
|2000|0x00000000ffa00000, 0x00000000ffb00000, 0x00000000ffb00000|100%| O|  |TAMS 0x00000000ffa00000| PB 0x00000000ffa00000| Untracked |  0
|2001|0x00000000ffb00000, 0x00000000ffc00000, 0x00000000ffc00000|100%| O|  |TAMS 0x00000000ffb00000| PB 0x00000000ffb00000| Untracked |  0
|2002|0x00000000ffc00000, 0x00000000ffd00000, 0x00000000ffd00000|100%| O|  |TAMS 0x00000000ffc00000| PB 0x00000000ffc00000| Untracked |  0
|2003|0x00000000ffd00000, 0x00000000ffe00000, 0x00000000ffe00000|100%| O|  |TAMS 0x00000000ffd00000| PB 0x00000000ffd00000| Untracked |  0
|2004|0x00000000ffe00000, 0x00000000fff00000, 0x00000000fff00000|100%| O|  |TAMS 0x00000000ffe00000| PB 0x00000000ffe00000| Untracked |  0
|2005|0x00000000fff00000, 0x0000000100000000, 0x0000000100000000|100%| O|  |TAMS 0x00000000fff00000| PB 0x00000000fff00000| Untracked |  0

Card table byte_map: [0x0000023598ee0000,0x00000235992d0000] _byte_map_base: 0x0000023598acb000

Marking Bits: (CMBitMap*) 0x00000235ffdc1d00
 Bits: [0x00000235992d0000, 0x000002359b228000)

Polling page: 0x00000235ff080000

Metaspace:

Usage:
  Non-class:     10.07 MB used.
      Class:      1.28 MB used.
       Both:     11.35 MB used.

Virtual space:
  Non-class space:       64.00 MB reserved,      10.25 MB ( 16%) committed,  1 nodes.
      Class space:        1.00 GB reserved,       1.44 MB ( <1%) committed,  1 nodes.
             Both:        1.06 GB reserved,      11.69 MB (  1%) committed. 

Chunk freelists:
   Non-Class:  3.92 MB
       Class:  14.53 MB
        Both:  18.46 MB

MaxMetaspaceSize: unlimited
CompressedClassSpaceSize: 1.00 GB
Initial GC threshold: 21.00 MB
Current GC threshold: 21.00 MB
CDS: on
 - commit_granule_bytes: 65536.
 - commit_granule_words: 8192.
 - virtual_space_node_default_size: 8388608.
 - enlarge_chunks_in_place: 1.
 - use_allocation_guard: 0.


Internal statistics:

num_allocs_failed_limit: 0.
num_arena_births: 286.
num_arena_deaths: 0.
num_vsnodes_births: 2.
num_vsnodes_deaths: 0.
num_space_committed: 187.
num_space_uncommitted: 0.
num_chunks_returned_to_freelist: 0.
num_chunks_taken_from_freelist: 731.
num_chunk_merges: 0.
num_chunk_splits: 484.
num_chunks_enlarged: 315.
num_inconsistent_stats: 0.

CodeHeap 'non-profiled nmethods': size=120000Kb used=1377Kb max_used=1377Kb free=118622Kb
 bounds [0x0000023591170000, 0x00000235913e0000, 0x00000235986a0000]
CodeHeap 'profiled nmethods': size=120000Kb used=6257Kb max_used=6257Kb free=113742Kb
 bounds [0x00000235896a0000, 0x0000023589cc0000, 0x0000023590bd0000]
CodeHeap 'non-nmethods': size=5760Kb used=1379Kb max_used=1434Kb free=4380Kb
 bounds [0x0000023590bd0000, 0x0000023590e40000, 0x0000023591170000]
 total_blobs=3397 nmethods=2924 adapters=376
 compilation: enabled
              stopped_count=0, restarted_count=0
 full_count=0

Compilation events (20 events):
Event: 3.275 Thread 0x00000235e45bf020 2764       4       com.sun.tools.javac.file.RelativePath$RelativeFile::<init> (26 bytes)
Event: 3.281 Thread 0x000002359dea9090 nmethod 2763 0x00000235912ba690 code [0x00000235912ba880, 0x00000235912badb0]
Event: 3.281 Thread 0x000002359dea9090 2765       4       com.sun.tools.javac.file.PathFileObject::forDirectoryPath (12 bytes)
Event: 3.282 Thread 0x00000235e45bf020 nmethod 2764 0x00000235912bb190 code [0x00000235912bb340, 0x00000235912bb9b0]
Event: 3.282 Thread 0x00000235e45bf020 2769       4       com.sun.tools.javac.parser.UnicodeReader::isAvailable (17 bytes)
Event: 3.282 Thread 0x00000235e45bf020 nmethod 2769 0x00000235912bbc10 code [0x00000235912bbd80, 0x00000235912bbe20]
Event: 3.282 Thread 0x00000235e45bf020 2752       4       com.sun.tools.javac.util.List::size (5 bytes)
Event: 3.283 Thread 0x00000235e45bf020 nmethod 2752 0x00000235912bbf10 code [0x00000235912bc080, 0x00000235912bc148]
Event: 3.283 Thread 0x00000235e45bf020 2903       4       java.util.ArrayDeque::peek (5 bytes)
Event: 3.284 Thread 0x00000235e45bf020 nmethod 2903 0x00000235912bc210 code [0x00000235912bc3a0, 0x00000235912bc470]
Event: 3.284 Thread 0x00000235e45bf020 2905       4       java.util.LinkedList::get (14 bytes)
Event: 3.286 Thread 0x00000235e45bf020 nmethod 2905 0x00000235912bc590 code [0x00000235912bc720, 0x00000235912bc8e8]
Event: 3.291 Thread 0x00000235e3499580 nmethod 2919% 0x00000235912bca90 code [0x00000235912bce60, 0x00000235912bf710]
Event: 3.325 Thread 0x000002359dea9090 nmethod 2765 0x00000235912c1690 code [0x00000235912c1920, 0x00000235912c2690]
Event: 3.355 Thread 0x000002359deaa6b0 2924 %     3       main.search.pathFinder::findAll @ 83 (471 bytes)
Event: 3.356 Thread 0x00000235e3499580 2925       4       main.search.pathFinder$Frame::<init> (15 bytes)
Event: 3.356 Thread 0x00000235e3499580 nmethod 2925 0x00000235912c2f90 code [0x00000235912c3100, 0x00000235912c3190]
Event: 3.358 Thread 0x000002359deaa6b0 nmethod 2924% 0x0000023589cb7790 code [0x0000023589cb7ce0, 0x0000023589cbb1c0]
Event: 3.359 Thread 0x000002359dea9090 2926 %     4       main.search.pathFinder::findAll @ 83 (471 bytes)
Event: 3.470 Thread 0x000002359dea9090 nmethod 2926% 0x00000235912c3290 code [0x00000235912c3680, 0x00000235912c63a0]

GC Heap History (11 events):
Event: 0.953 GC heap before
{Heap before GC invocations=0 (full 0):
 garbage-first heap   total reserved 2054144K, committed 129024K, used 24576K [0x0000000082a00000, 0x0000000100000000)
  region size 1024K, 24 young (24576K), 0 survivors (0K)
 Metaspace       used 8621K, committed 8768K, reserved 1114112K
  class space    used 1003K, committed 1088K, reserved 1048576K
}
Event: 0.964 GC heap after
{Heap after GC invocations=1 (full 0):
 garbage-first heap   total reserved 2054144K, committed 129024K, used 5173K [0x0000000082a00000, 0x0000000100000000)
  region size 1024K, 3 young (3072K), 3 survivors (3072K)
 Metaspace       used 8621K, committed 8768K, reserved 1114112K
  class space    used 1003K, committed 1088K, reserved 1048576K
}
Event: 2.546 GC heap before
{Heap before GC invocations=1 (full 0):
 garbage-first heap   total reserved 2054144K, committed 129024K, used 34869K [0x0000000082a00000, 0x0000000100000000)
  region size 1024K, 32 young (32768K), 3 survivors (3072K)
 Metaspace       used 10985K, committed 11264K, reserved 1114112K
  class space    used 1273K, committed 1408K, reserved 1048576K
}
Event: 2.554 GC heap after
{Heap after GC invocations=2 (full 0):
 garbage-first heap   total reserved 2054144K, committed 129024K, used 9170K [0x0000000082a00000, 0x0000000100000000)
  region size 1024K, 4 young (4096K), 4 survivors (4096K)
 Metaspace       used 10985K, committed 11264K, reserved 1114112K
  class space    used 1273K, committed 1408K, reserved 1048576K
}
Event: 3.089 GC heap before
{Heap before GC invocations=2 (full 0):
 garbage-first heap   total reserved 2054144K, committed 129024K, used 81874K [0x0000000082a00000, 0x0000000100000000)
  region size 1024K, 75 young (76800K), 4 survivors (4096K)
 Metaspace       used 11593K, committed 11904K, reserved 1114112K
  class space    used 1308K, committed 1472K, reserved 1048576K
}
Event: 3.096 GC heap after
{Heap after GC invocations=3 (full 0):
 garbage-first heap   total reserved 2054144K, committed 129024K, used 11107K [0x0000000082a00000, 0x0000000100000000)
  region size 1024K, 6 young (6144K), 6 survivors (6144K)
 Metaspace       used 11593K, committed 11904K, reserved 1114112K
  class space    used 1308K, committed 1472K, reserved 1048576K
}
Event: 3.300 GC heap before
{Heap before GC invocations=3 (full 0):
 garbage-first heap   total reserved 2054144K, committed 129024K, used 83811K [0x0000000082a00000, 0x0000000100000000)
  region size 1024K, 75 young (76800K), 6 survivors (6144K)
 Metaspace       used 11624K, committed 11968K, reserved 1114112K
  class space    used 1308K, committed 1472K, reserved 1048576K
}
Event: 3.324 GC heap after
{Heap after GC invocations=4 (full 0):
 garbage-first heap   total reserved 2054144K, committed 129024K, used 36674K [0x0000000082a00000, 0x0000000100000000)
  region size 1024K, 10 young (10240K), 10 survivors (10240K)
 Metaspace       used 11624K, committed 11968K, reserved 1114112K
  class space    used 1308K, committed 1472K, reserved 1048576K
}
Event: 3.391 GC heap before
{Heap before GC invocations=4 (full 0):
 garbage-first heap   total reserved 2054144K, committed 129024K, used 100162K [0x0000000082a00000, 0x0000000100000000)
  region size 1024K, 67 young (68608K), 10 survivors (10240K)
 Metaspace       used 11624K, committed 11968K, reserved 1114112K
  class space    used 1308K, committed 1472K, reserved 1048576K
}
Event: 3.424 GC heap after
{Heap after GC invocations=5 (full 0):
 garbage-first heap   total reserved 2054144K, committed 137216K, used 68096K [0x0000000082a00000, 0x0000000100000000)
  region size 1024K, 9 young (9216K), 9 survivors (9216K)
 Metaspace       used 11624K, committed 11968K, reserved 1114112K
  class space    used 1308K, committed 1472K, reserved 1048576K
}
Event: 3.482 GC heap before
{Heap before GC invocations=5 (full 0):
 garbage-first heap   total reserved 2054144K, committed 137216K, used 105984K [0x0000000082a00000, 0x0000000100000000)
  region size 1024K, 46 young (47104K), 9 survivors (9216K)
 Metaspace       used 11624K, committed 11968K, reserved 1114112K
  class space    used 1308K, committed 1472K, reserved 1048576K
}

Dll operation events (5 events):
Event: 0.008 Loaded shared library C:\Program Files\Java\jdk-22\bin\java.dll
Event: 0.045 Loaded shared library C:\Program Files\Java\jdk-22\bin\jsvml.dll
Event: 0.077 Loaded shared library C:\Program Files\Java\jdk-22\bin\jimage.dll
Event: 0.086 Loaded shared library C:\Program Files\Java\jdk-22\bin\net.dll
Event: 0.088 Loaded shared library C:\Program Files\Java\jdk-22\bin\nio.dll

Deoptimization events (20 events):
Event: 2.766 Thread 0x00000235fed83c50 DEOPT PACKING pc=0x00000235911de104 sp=0x0000007de5dfeeb0
Event: 2.766 Thread 0x00000235fed83c50 DEOPT UNPACKING pc=0x0000023590c246a2 sp=0x0000007de5dfee40 mode 2
Event: 2.774 Thread 0x00000235fed83c50 Uncommon trap: trap_request=0xffffff66 fr.pc=0x00000235911de104 relative=0x0000000000000064
Event: 2.775 Thread 0x00000235fed83c50 Uncommon trap: reason=speculate_class_check action=maybe_recompile pc=0x00000235911de104 method=java.lang.invoke.Invokers$Holder.linkToTargetMethod(Ljava/lang/Object;Ljava/lang/Object;)Ljava/lang/Object; @ 1 c2
Event: 2.775 Thread 0x00000235fed83c50 DEOPT PACKING pc=0x00000235911de104 sp=0x0000007de5dfeeb0
Event: 2.775 Thread 0x00000235fed83c50 DEOPT UNPACKING pc=0x0000023590c246a2 sp=0x0000007de5dfee40 mode 2
Event: 2.775 Thread 0x00000235fed83c50 Uncommon trap: trap_request=0xffffff66 fr.pc=0x00000235911de104 relative=0x0000000000000064
Event: 2.775 Thread 0x00000235fed83c50 Uncommon trap: reason=speculate_class_check action=maybe_recompile pc=0x00000235911de104 method=java.lang.invoke.Invokers$Holder.linkToTargetMethod(Ljava/lang/Object;Ljava/lang/Object;)Ljava/lang/Object; @ 1 c2
Event: 2.775 Thread 0x00000235fed83c50 DEOPT PACKING pc=0x00000235911de104 sp=0x0000007de5dfeeb0
Event: 2.775 Thread 0x00000235fed83c50 DEOPT UNPACKING pc=0x0000023590c246a2 sp=0x0000007de5dfee40 mode 2
Event: 3.058 Thread 0x00000235fed83c50 DEOPT PACKING pc=0x0000023589aa5e54 sp=0x0000007de5dfdbd0
Event: 3.058 Thread 0x00000235fed83c50 DEOPT UNPACKING pc=0x0000023590c24e42 sp=0x0000007de5dfd068 mode 0
Event: 3.291 Thread 0x00000235fed83c50 DEOPT PACKING pc=0x0000023589cb06e6 sp=0x0000007de5dfedb0
Event: 3.291 Thread 0x00000235fed83c50 DEOPT UNPACKING pc=0x0000023590c24e42 sp=0x0000007de5dfe358 mode 0
Event: 3.355 Thread 0x00000235fed83c50 Uncommon trap: trap_request=0xffffff45 fr.pc=0x00000235912bee30 relative=0x0000000000001fd0
Event: 3.355 Thread 0x00000235fed83c50 Uncommon trap: reason=unstable_if action=reinterpret pc=0x00000235912bee30 method=java.util.List.of([Ljava/lang/Object;)Ljava/util/List; @ 2 c2
Event: 3.355 Thread 0x00000235fed83c50 DEOPT PACKING pc=0x00000235912bee30 sp=0x0000007de5dfee60
Event: 3.355 Thread 0x00000235fed83c50 DEOPT UNPACKING pc=0x0000023590c246a2 sp=0x0000007de5dfec98 mode 2
Event: 3.470 Thread 0x00000235fed83c50 DEOPT PACKING pc=0x0000023589cbafce sp=0x0000007de5dfedb0
Event: 3.470 Thread 0x00000235fed83c50 DEOPT UNPACKING pc=0x0000023590c24e42 sp=0x0000007de5dfe358 mode 0

Classes loaded (20 events):
Event: 2.328 Loading class java/lang/invoke/MethodHandleImpl$Makers$3
Event: 2.328 Loading class java/lang/invoke/MethodHandleImpl$Makers$3 done
Event: 2.336 Loading class java/lang/runtime/ObjectMethods$1
Event: 2.336 Loading class java/lang/runtime/ObjectMethods$1 done
Event: 2.340 Loading class java/lang/invoke/DirectMethodHandle$1
Event: 2.340 Loading class java/lang/invoke/DirectMethodHandle$1 done
Event: 2.348 Loading class java/lang/invoke/MethodHandleImpl$CountingWrapper
Event: 2.348 Loading class java/lang/invoke/MethodHandleImpl$CountingWrapper done
Event: 2.349 Loading class jdk/internal/org/objectweb/asm/Edge
Event: 2.349 Loading class jdk/internal/org/objectweb/asm/Edge done
Event: 2.360 Loading class java/util/function/ToIntBiFunction
Event: 2.360 Loading class java/util/function/ToIntBiFunction done
Event: 2.455 Loading class java/util/WeakHashMap$KeyIterator
Event: 2.455 Loading class java/util/WeakHashMap$HashIterator
Event: 2.455 Loading class java/util/WeakHashMap$HashIterator done
Event: 2.455 Loading class java/util/WeakHashMap$KeyIterator done
Event: 2.461 Loading class jdk/internal/math/FloatingDecimal$ASCIIToBinaryBuffer
Event: 2.461 Loading class jdk/internal/math/FloatingDecimal$ASCIIToBinaryBuffer done
Event: 2.510 Loading class java/util/LinkedList$ListItr
Event: 2.510 Loading class java/util/LinkedList$ListItr done

Classes unloaded (0 events):
No events

Classes redefined (0 events):
No events

Internal exceptions (20 events):
Event: 2.751 Thread 0x00000235fed83c50 Exception <a 'sun/nio/fs/WindowsException'{0x000000008759c818}> (0x000000008759c818) 
thrown [s\open\src\hotspot\share\prims\jni.cpp, line 520]
Event: 2.764 Thread 0x00000235fed83c50 Exception <a 'sun/nio/fs/WindowsException'{0x00000000872c4538}> (0x00000000872c4538) 
thrown [s\open\src\hotspot\share\prims\jni.cpp, line 520]
Event: 2.764 Thread 0x00000235fed83c50 Exception <a 'sun/nio/fs/WindowsException'{0x00000000872c4d28}> (0x00000000872c4d28) 
thrown [s\open\src\hotspot\share\prims\jni.cpp, line 520]
Event: 2.765 Thread 0x00000235fed83c50 Exception <a 'sun/nio/fs/WindowsException'{0x00000000872c5530}> (0x00000000872c5530) 
thrown [s\open\src\hotspot\share\prims\jni.cpp, line 520]
Event: 2.765 Thread 0x00000235fed83c50 Exception <a 'sun/nio/fs/WindowsException'{0x00000000872c75d0}> (0x00000000872c75d0) 
thrown [s\open\src\hotspot\share\prims\jni.cpp, line 520]
Event: 2.973 Thread 0x00000235fed83c50 Exception <a 'sun/nio/fs/WindowsException'{0x000000008703cd48}> (0x000000008703cd48) 
thrown [s\open\src\hotspot\share\prims\jni.cpp, line 520]
Event: 2.982 Thread 0x00000235fed83c50 Exception <a 'sun/nio/fs/WindowsException'{0x0000000086fcad70}> (0x0000000086fcad70) 
thrown [s\open\src\hotspot\share\prims\jni.cpp, line 520]
Event: 2.988 Thread 0x00000235fed83c50 Exception <a 'sun/nio/fs/WindowsException'{0x0000000086efb8e0}> (0x0000000086efb8e0) 
thrown [s\open\src\hotspot\share\prims\jni.cpp, line 520]
Event: 2.989 Thread 0x00000235fed83c50 Exception <a 'sun/nio/fs/WindowsException'{0x0000000086d007c8}> (0x0000000086d007c8) 
thrown [s\open\src\hotspot\share\prims\jni.cpp, line 520]
Event: 2.998 Thread 0x00000235fed83c50 Exception <a 'sun/nio/fs/WindowsException'{0x0000000086d1b390}> (0x0000000086d1b390) 
thrown [s\open\src\hotspot\share\prims\jni.cpp, line 520]
Event: 3.005 Thread 0x00000235fed83c50 Exception <a 'sun/nio/fs/WindowsException'{0x0000000086d3f120}> (0x0000000086d3f120) 
thrown [s\open\src\hotspot\share\prims\jni.cpp, line 520]
Event: 3.005 Thread 0x00000235fed83c50 Exception <a 'sun/nio/fs/WindowsException'{0x0000000086d3fb90}> (0x0000000086d3fb90) 
thrown [s\open\src\hotspot\share\prims\jni.cpp, line 520]
Event: 3.058 Thread 0x00000235fed83c50 Exception <a 'sun/nio/fs/WindowsException'{0x000000008654ee10}> (0x000000008654ee10) 
thrown [s\open\src\hotspot\share\prims\jni.cpp, line 520]
Event: 3.059 Thread 0x00000235fed83c50 Exception <a 'sun/nio/fs/WindowsException'{0x000000008654f6d0}> (0x000000008654f6d0) 
thrown [s\open\src\hotspot\share\prims\jni.cpp, line 520]
Event: 3.059 Thread 0x00000235fed83c50 Exception <a 'sun/nio/fs/WindowsException'{0x000000008654ff40}> (0x000000008654ff40) 
thrown [s\open\src\hotspot\share\prims\jni.cpp, line 520]
Event: 3.066 Thread 0x00000235fed83c50 Exception <a 'sun/nio/fs/WindowsException'{0x00000000865f6448}> (0x00000000865f6448) 
thrown [s\open\src\hotspot\share\prims\jni.cpp, line 520]
Event: 3.071 Thread 0x00000235fed83c50 Exception <a 'sun/nio/fs/WindowsException'{0x0000000086384120}> (0x0000000086384120) 
thrown [s\open\src\hotspot\share\prims\jni.cpp, line 520]
Event: 3.074 Thread 0x00000235fed83c50 Exception <a 'sun/nio/fs/WindowsException'{0x00000000862b7350}> (0x00000000862b7350) 
thrown [s\open\src\hotspot\share\prims\jni.cpp, line 520]
Event: 3.075 Thread 0x00000235fed83c50 Exception <a 'sun/nio/fs/WindowsException'{0x00000000862bb988}> (0x00000000862bb988) 
thrown [s\open\src\hotspot\share\prims\jni.cpp, line 520]
Event: 3.075 Thread 0x00000235fed83c50 Exception <a 'sun/nio/fs/WindowsException'{0x00000000862bc3f8}> (0x00000000862bc3f8) 
thrown [s\open\src\hotspot\share\prims\jni.cpp, line 520]

ZGC Phase Switch (0 events):
No events

VM Operations (20 events):
Event: 2.259 Executing VM operation: HandshakeAllThreads (Deoptimize) done
Event: 2.297 Executing VM operation: ICBufferFull
Event: 2.297 Executing VM operation: ICBufferFull done
Event: 2.361 Executing VM operation: HandshakeAllThreads (Deoptimize)
Event: 2.361 Executing VM operation: HandshakeAllThreads (Deoptimize) done
Event: 2.389 Executing VM operation: ICBufferFull
Event: 2.389 Executing VM operation: ICBufferFull done
Event: 2.449 Executing VM operation: ICBufferFull
Event: 2.449 Executing VM operation: ICBufferFull done
Event: 2.545 Executing VM operation: G1CollectForAllocation (G1 Evacuation Pause)
Event: 2.554 Executing VM operation: G1CollectForAllocation (G1 Evacuation Pause) done
Event: 2.733 Executing VM operation: ICBufferFull
Event: 2.733 Executing VM operation: ICBufferFull done
Event: 3.088 Executing VM operation: G1CollectForAllocation (G1 Evacuation Pause)
Event: 3.096 Executing VM operation: G1CollectForAllocation (G1 Evacuation Pause) done
Event: 3.300 Executing VM operation: G1CollectForAllocation (G1 Evacuation Pause)
Event: 3.324 Executing VM operation: G1CollectForAllocation (G1 Evacuation Pause) done
Event: 3.391 Executing VM operation: G1CollectForAllocation (G1 Evacuation Pause)
Event: 3.424 Executing VM operation: G1CollectForAllocation (G1 Evacuation Pause) done
Event: 3.482 Executing VM operation: G1CollectForAllocation (G1 Evacuation Pause)

Memory protections (0 events):
No events

Nmethod flushes (0 events):
No events

Events (17 events):
Event: 0.027 Thread 0x00000235fed83c50 Thread added: 0x00000235fed83c50
Event: 0.041 Thread 0x00000235fed83c50 Thread added: 0x000002359de926e0
Event: 0.041 Thread 0x00000235fed83c50 Thread added: 0x000002359de93340
Event: 0.041 Thread 0x00000235fed83c50 Thread added: 0x000002359de994a0
Event: 0.042 Thread 0x00000235fed83c50 Thread added: 0x000002359dea3be0
Event: 0.042 Thread 0x00000235fed83c50 Thread added: 0x000002359dea61c0
Event: 0.042 Thread 0x00000235fed83c50 Thread added: 0x000002359dea7790
Event: 0.042 Thread 0x00000235fed83c50 Thread added: 0x000002359dea9090
Event: 0.042 Thread 0x00000235fed83c50 Thread added: 0x000002359deaa6b0
Event: 0.061 Thread 0x00000235fed83c50 Thread added: 0x00000235e30be470
Event: 0.072 Thread 0x000002359dea9090 Thread added: 0x00000235e30fb2c0
Event: 0.075 Thread 0x00000235fed83c50 Thread added: 0x00000235e3259da0
Event: 0.283 Thread 0x00000235e30fb2c0 Thread exited: 0x00000235e30fb2c0
Event: 0.741 Thread 0x000002359deaa6b0 Thread added: 0x00000235e3499580
Event: 0.823 Thread 0x000002359deaa6b0 Thread added: 0x00000235e3691810
Event: 2.896 Thread 0x00000235e3691810 Thread exited: 0x00000235e3691810
Event: 2.989 Thread 0x000002359deaa6b0 Thread added: 0x00000235e45bf020


Dynamic libraries:
0x00007ff754c80000 - 0x00007ff754c90000 	C:\Program Files\Java\jdk-22\bin\java.exe
0x00007ffc50580000 - 0x00007ffc507e8000 	C:\WINDOWS\SYSTEM32\ntdll.dll
0x00007ffc4f4b0000 - 0x00007ffc4f579000 	C:\WINDOWS\System32\KERNEL32.DLL
0x00007ffc4da30000 - 0x00007ffc4de28000 	C:\WINDOWS\System32\KERNELBASE.dll
0x00007ffc4d760000 - 0x00007ffc4d8ab000 	C:\WINDOWS\System32\ucrtbase.dll
0x00007ffc2c4b0000 - 0x00007ffc2c4c7000 	C:\Program Files\Java\jdk-22\bin\jli.dll
0x00007ffc47d30000 - 0x00007ffc47d4b000 	C:\Program Files\Java\jdk-22\bin\VCRUNTIME140.dll
0x00007ffc4e690000 - 0x00007ffc4e857000 	C:\WINDOWS\System32\USER32.dll
0x00007ffc4e240000 - 0x00007ffc4e267000 	C:\WINDOWS\System32\win32u.dll
0x00007ffc33320000 - 0x00007ffc335b4000 	C:\WINDOWS\WinSxS\amd64_microsoft.windows.common-controls_6595b64144ccf1df_6.0.26100.7019_none_3e06ffa0e335b8a8\COMCTL32.dll
0x00007ffc4f100000 - 0x00007ffc4f12b000 	C:\WINDOWS\System32\GDI32.dll
0x00007ffc4ff30000 - 0x00007ffc4ffd9000 	C:\WINDOWS\System32\msvcrt.dll
0x00007ffc4e110000 - 0x00007ffc4e23c000 	C:\WINDOWS\System32\gdi32full.dll
0x00007ffc4e270000 - 0x00007ffc4e313000 	C:\WINDOWS\System32\msvcp_win.dll
0x00007ffc4f3b0000 - 0x00007ffc4f3e1000 	C:\WINDOWS\System32\IMM32.DLL
0x00007ffc49bc0000 - 0x00007ffc49bcc000 	C:\Program Files\Java\jdk-22\bin\vcruntime140_1.dll
0x00007ffc21330000 - 0x00007ffc213be000 	C:\Program Files\Java\jdk-22\bin\msvcp140.dll
0x00007ffbc8db0000 - 0x00007ffbc9af9000 	C:\Program Files\Java\jdk-22\bin\server\jvm.dll
0x00007ffc4e4d0000 - 0x00007ffc4e584000 	C:\WINDOWS\System32\ADVAPI32.dll
0x00007ffc503f0000 - 0x00007ffc50496000 	C:\WINDOWS\System32\sechost.dll
0x00007ffc4e860000 - 0x00007ffc4e978000 	C:\WINDOWS\System32\RPCRT4.dll
0x00007ffc50370000 - 0x00007ffc503e4000 	C:\WINDOWS\System32\WS2_32.dll
0x00007ffc44450000 - 0x00007ffc44485000 	C:\WINDOWS\SYSTEM32\WINMM.dll
0x00007ffc335d0000 - 0x00007ffc335db000 	C:\WINDOWS\SYSTEM32\VERSION.dll
0x00007ffc4d530000 - 0x00007ffc4d58e000 	C:\WINDOWS\SYSTEM32\POWRPROF.dll
0x00007ffc4d510000 - 0x00007ffc4d524000 	C:\WINDOWS\SYSTEM32\UMPDC.dll
0x00007ffc4c430000 - 0x00007ffc4c44b000 	C:\WINDOWS\SYSTEM32\kernel.appcore.dll
0x00007ffc47c00000 - 0x00007ffc47c0a000 	C:\Program Files\Java\jdk-22\bin\jimage.dll
0x00007ffc4a980000 - 0x00007ffc4abc2000 	C:\WINDOWS\SYSTEM32\DBGHELP.DLL
0x00007ffc4ffe0000 - 0x00007ffc5036b000 	C:\WINDOWS\System32\combase.dll
0x00007ffc4fdd0000 - 0x00007ffc4fea7000 	C:\WINDOWS\System32\OLEAUT32.dll
0x00007ffc26130000 - 0x00007ffc2616c000 	C:\WINDOWS\SYSTEM32\dbgcore.DLL
0x00007ffc4e060000 - 0x00007ffc4e105000 	C:\WINDOWS\System32\bcryptPrimitives.dll
0x00007ffc47c20000 - 0x00007ffc47c3e000 	C:\Program Files\Java\jdk-22\bin\java.dll
0x00007ffc4f670000 - 0x00007ffc4fdbf000 	C:\WINDOWS\System32\SHELL32.dll
0x00007ffc4de30000 - 0x00007ffc4df9b000 	C:\WINDOWS\System32\wintypes.dll
0x00007ffc4e330000 - 0x00007ffc4e4c7000 	C:\WINDOWS\System32\ole32.dll
0x00007ffc4b2f0000 - 0x00007ffc4bb4d000 	C:\WINDOWS\SYSTEM32\windows.storage.dll
0x00007ffc4e590000 - 0x00007ffc4e682000 	C:\WINDOWS\System32\SHCORE.dll
0x00007ffc4f3f0000 - 0x00007ffc4f457000 	C:\WINDOWS\System32\shlwapi.dll
0x00007ffc4d5f0000 - 0x00007ffc4d619000 	C:\WINDOWS\SYSTEM32\profapi.dll
0x00007ffc115d0000 - 0x00007ffc116a7000 	C:\Program Files\Java\jdk-22\bin\jsvml.dll
0x00007ffc47be0000 - 0x00007ffc47bf0000 	C:\Program Files\Java\jdk-22\bin\net.dll
0x00007ffc4ca00000 - 0x00007ffc4ca6b000 	C:\WINDOWS\system32\mswsock.dll
0x00007ffc2dda0000 - 0x00007ffc2ddb6000 	C:\Program Files\Java\jdk-22\bin\nio.dll

dbghelp: loaded successfully - version: 4.0.5 - missing functions: none
symbol engine: initialized successfully - sym options: 0x614 - pdb path: .;C:\Program Files\Java\jdk-22\bin;C:\WINDOWS\SYSTEM32;C:\WINDOWS\WinSxS\amd64_microsoft.windows.common-controls_6595b64144ccf1df_6.0.26100.7019_none_3e06ffa0e335b8a8;C:\Program Files\Java\jdk-22\bin\server

VM Arguments:
jvm_args: -Dfile.encoding=UTF-8 --add-modules=ALL-DEFAULT 
java_command: jdk.compiler/com.sun.tools.javac.launcher.SourceLauncher C:\Users\alarc\Downloads\flight-planner\flight-planner\src\main\app\Main.java
java_class_path (initial): .
Launcher Type: SUN_STANDARD

[Global flags]
     intx CICompilerCount                          = 4                                         {product} {ergonomic}
     uint ConcGCThreads                            = 3                                         {product} {ergonomic}
     uint G1ConcRefinementThreads                  = 10                                        {product} {ergonomic}
   size_t G1HeapRegionSize                         = 1048576                                   {product} {ergonomic}
   size_t InitialHeapSize                          = 132120576                                 {product} {ergonomic}
   size_t MarkStackSize                            = 4194304                                   {product} {ergonomic}
   size_t MaxHeapSize                              = 2103443456                                {product} {ergonomic}
   size_t MaxNewSize                               = 1261436928                                {product} {ergonomic}
   size_t MinHeapDeltaBytes                        = 1048576                                   {product} {ergonomic}
   size_t MinHeapSize                              = 8388608                                   {product} {ergonomic}
    uintx NonNMethodCodeHeapSize                   = 5839372                                {pd product} {ergonomic}
    uintx NonProfiledCodeHeapSize                  = 122909434                              {pd product} {ergonomic}
    uintx ProfiledCodeHeapSize                     = 122909434                              {pd product} {ergonomic}
    uintx ReservedCodeCacheSize                    = 251658240                              {pd product} {ergonomic}
     bool SegmentedCodeCache                       = true                                      {product} {ergonomic}
   size_t SoftMaxHeapSize                          = 2103443456                             {manageable} {ergonomic}
     bool UseCompressedOops                        = true                           {product lp64_product} {ergonomic}
     bool UseG1GC                                  = true                                      {product} {ergonomic}
     bool UseLargePagesIndividualAllocation        = false                                  {pd product} {ergonomic}

Logging:
Log output configuration:
 #0: stdout all=warning uptime,level,tags foldmultilines=false
 #1: stderr all=off uptime,level,tags foldmultilines=false

Environment Variables:
PATH=C:\Program Files\Common Files\Oracle\Java\javapath;C:\Program Files\Microsoft\jdk-11.0.16.101-hotspot\bin;C:\WINDOWS\system32;C:\WINDOWS;C:\WINDOWS\System32\Wbem;C:\WINDOWS\System32\WindowsPowerShell\v1.0\;C:\WINDOWS\System32\OpenSSH\;C:\Program Files\Docker\Docker\resources\bin;C:\Program Files\Git\cmd;C:\Program Files\Amazon\AWSCLIV2\;C:\Program Files\dotnet\;C:\Program Files\GitHub CLI\;C:\Program Files\nodejs\;C:\Users\alarc\Downloads\SW_Randoop_test\apache-maven-3.9.11;C:\Users\alarc\AppData\Local\Microsoft\WindowsApps;C:\Users\alarc\AppData\Local\GitHubDesktop\bin;C:\Users\alarc\AppData\Local\Programs\Microsoft VS Code\bin;C:\Users\alarc\.dotnet\tools;C:\Users\alarc\AppData\Local\Microsoft\WinGet\Packages\jqlang.jq_Microsoft.Winget.Source_8wekyb3d8bbwe;C:\Users\alarc\AppData\Roaming\npm
USERNAME=alarc
OS=Windows_NT
PROCESSOR_IDENTIFIER=Intel64 Family 6 Model 154 Stepping 4, GenuineIntel
TMP=C:\Users\alarc\AppData\Local\Temp
TEMP=C:\Users\alarc\AppData\Local\Temp




Periodic native trim disabled

---------------  S Y S T E M  ---------------

OS:
 Windows 11 , 64 bit Build 26100 (10.0.26100.7019)
OS uptime: 2 days 23:59 hours
Hyper-V role detected

CPU: total 12 (initial active 12) (6 cores per cpu, 2 threads per core) family 6 model 154 stepping 4 microcode 0x436, cx8, cmov, fxsr, ht, mmx, 3dnowpref, sse, sse2, sse3, ssse3, sse4.1, sse4.2, popcnt, lzcnt, tsc, tscinvbit, avx, avx2, aes, erms, clmul, bmi1, bmi2, adx, sha, fma, vzeroupper, clflush, clflushopt, clwb, hv, serialize, rdtscp, rdpid, fsrm, f16c, cet_ibt, cet_ss
Processor Information for processor 0
  Max Mhz: 2500, Current Mhz: 1370, Mhz Limit: 1350
Processor Information for processor 1
  Max Mhz: 2500, Current Mhz: 1370, Mhz Limit: 1350
Processor Information for processor 2
  Max Mhz: 2500, Current Mhz: 1370, Mhz Limit: 1350
Processor Information for processor 3
  Max Mhz: 2500, Current Mhz: 1370, Mhz Limit: 1350
Processor Information for processor 4
  Max Mhz: 2500, Current Mhz: 2500, Mhz Limit: 2500
Processor Information for processor 5
  Max Mhz: 2500, Current Mhz: 2500, Mhz Limit: 2500
Processor Information for processor 6
  Max Mhz: 2500, Current Mhz: 2500, Mhz Limit: 2500
Processor Information for processor 7
  Max Mhz: 2500, Current Mhz: 2500, Mhz Limit: 2500
Processor Information for processor 8
  Max Mhz: 2500, Current Mhz: 2500, Mhz Limit: 2500
Processor Information for processor 9
  Max Mhz: 2500, Current Mhz: 2500, Mhz Limit: 2500
Processor Information for processor 10
  Max Mhz: 2500, Current Mhz: 2500, Mhz Limit: 2500
Processor Information for processor 11
  Max Mhz: 2500, Current Mhz: 2500, Mhz Limit: 2500

Memory: 4k page, system-wide physical 8016M (725M free)
TotalPageFile size 32592M (AvailPageFile size 47M)
current process WorkingSet (physical memory assigned to process): 202M, peak: 227M
current process commit charge ("private bytes"): 241M, peak: 397M

vm_info: Java HotSpot(TM) 64-Bit Server VM (22.0.2+9-70) for windows-amd64 JRE (22.0.2+9-70), built on 2024-06-04T16:52:23Z by "mach5one" with MS VC++ 17.6 (VS2022)

END.
